2021-05-28 17:48:50,975 INFO com.dan.cuentacorriente.aspect.LogAspect [http-nio-auto-1-exec-1] Se ha ejecutado el metodo: createPago
2021-05-28 17:53:49,166 INFO org.springframework.boot.StartupInfoLogger [main] Starting PagoRestTest using Java 15.0.1 on DESKTOP-KTL7JPA with PID 11256 (started by Usuario in C:\Users\Usuario\Desktop\Sistemas\Electivas\Desarrollo de aplicaciones en la Nube\Laboratorio\cuentacorriente)
2021-05-28 17:53:49,167 DEBUG org.springframework.boot.StartupInfoLogger [main] Running with Spring Boot v2.4.5, Spring v5.3.6
2021-05-28 17:53:49,168 INFO org.springframework.boot.SpringApplication [main] The following profiles are active: testing
2021-05-28 17:53:57,445 INFO org.springframework.boot.StartupInfoLogger [main] Started PagoRestTest in 8.819 seconds (JVM running for 10.56)
2021-05-28 17:53:57,760 INFO com.dan.cuentacorriente.aspect.LogAspect [http-nio-auto-1-exec-1] A continuacion se ejecutara el metodo: createMedioPago
2021-05-28 17:53:57,761 INFO com.dan.cuentacorriente.aspect.LogAspect [http-nio-auto-1-exec-1] Metodo de la clase: class com.dan.cuentacorriente.service.impl.MedioPagoServiceImpl
2021-05-28 17:53:57,761 INFO com.dan.cuentacorriente.aspect.LogAspect [http-nio-auto-1-exec-1] Argumentos: [Cheque [nroCheque=null, fechaCobro=null, banco=null, id=null, observacion=null]]
2021-05-28 17:53:57,856 INFO com.dan.cuentacorriente.aspect.LogAspect [http-nio-auto-1-exec-1] Se ha ejecutado el metodo: createMedioPago
2021-05-28 17:53:57,860 INFO com.dan.cuentacorriente.aspect.LogAspect [http-nio-auto-1-exec-1] A continuacion se ejecutara el metodo: createPago
2021-05-28 17:53:57,861 INFO com.dan.cuentacorriente.aspect.LogAspect [http-nio-auto-1-exec-1] Metodo de la clase: class com.dan.cuentacorriente.service.impl.PagoServiceImpl
2021-05-28 17:53:57,863 INFO com.dan.cuentacorriente.aspect.LogAspect [http-nio-auto-1-exec-1] Argumentos: [Pago [id=null, cliente=com.dan.cuentacorriente.domain.Cliente@34329280, fechaPago=2021-05-28T20:53:57.857990Z, medio=Cheque [nroCheque=null, fechaCobro=null, banco=null, id=1, observacion=null]]]
2021-05-28 17:53:57,894 INFO com.dan.cuentacorriente.aspect.LogAspect [http-nio-auto-1-exec-1] Se ha ejecutado el metodo: createPago
2021-05-28 17:55:29,917 INFO org.springframework.boot.StartupInfoLogger [main] Starting PagoRestTest using Java 15.0.1 on DESKTOP-KTL7JPA with PID 1760 (started by Usuario in C:\Users\Usuario\Desktop\Sistemas\Electivas\Desarrollo de aplicaciones en la Nube\Laboratorio\cuentacorriente)
2021-05-28 17:55:29,919 DEBUG org.springframework.boot.StartupInfoLogger [main] Running with Spring Boot v2.4.5, Spring v5.3.6
2021-05-28 17:55:29,919 INFO org.springframework.boot.SpringApplication [main] The following profiles are active: testing
2021-05-28 17:55:38,291 INFO org.springframework.boot.StartupInfoLogger [main] Started PagoRestTest in 8.902 seconds (JVM running for 10.656)
2021-05-28 17:55:38,624 INFO com.dan.cuentacorriente.aspect.LogAspect [http-nio-auto-1-exec-1] A continuacion se ejecutara el metodo: createMedioPago
2021-05-28 17:55:38,625 INFO com.dan.cuentacorriente.aspect.LogAspect [http-nio-auto-1-exec-1] Metodo de la clase: class com.dan.cuentacorriente.service.impl.MedioPagoServiceImpl
2021-05-28 17:55:38,626 INFO com.dan.cuentacorriente.aspect.LogAspect [http-nio-auto-1-exec-1] Argumentos: [Cheque [nroCheque=null, fechaCobro=null, banco=null, id=null, observacion=null]]
2021-05-28 17:55:38,720 INFO com.dan.cuentacorriente.aspect.LogAspect [http-nio-auto-1-exec-1] Se ha ejecutado el metodo: createMedioPago
2021-05-28 17:55:38,725 INFO com.dan.cuentacorriente.aspect.LogAspect [http-nio-auto-1-exec-1] A continuacion se ejecutara el metodo: createPago
2021-05-28 17:55:38,725 INFO com.dan.cuentacorriente.aspect.LogAspect [http-nio-auto-1-exec-1] Metodo de la clase: class com.dan.cuentacorriente.service.impl.PagoServiceImpl
2021-05-28 17:55:38,729 INFO com.dan.cuentacorriente.aspect.LogAspect [http-nio-auto-1-exec-1] Argumentos: [Pago [id=null, cliente=com.dan.cuentacorriente.domain.Cliente@707b7bea, fechaPago=2021-05-28T20:55:38.721129800Z, medio=Cheque [nroCheque=null, fechaCobro=null, banco=null, id=1, observacion=null]]]
2021-05-28 17:55:38,758 INFO com.dan.cuentacorriente.aspect.LogAspect [http-nio-auto-1-exec-1] Se ha ejecutado el metodo: createPago
2021-05-28 17:56:09,534 INFO org.springframework.boot.StartupInfoLogger [main] Starting PagoRestTest using Java 15.0.1 on DESKTOP-KTL7JPA with PID 9960 (started by Usuario in C:\Users\Usuario\Desktop\Sistemas\Electivas\Desarrollo de aplicaciones en la Nube\Laboratorio\cuentacorriente)
2021-05-28 17:56:09,536 DEBUG org.springframework.boot.StartupInfoLogger [main] Running with Spring Boot v2.4.5, Spring v5.3.6
2021-05-28 17:56:09,537 INFO org.springframework.boot.SpringApplication [main] The following profiles are active: testing
2021-05-28 17:56:17,849 INFO org.springframework.boot.StartupInfoLogger [main] Started PagoRestTest in 8.846 seconds (JVM running for 10.614)
2021-05-28 17:56:18,168 INFO com.dan.cuentacorriente.aspect.LogAspect [http-nio-auto-1-exec-1] A continuacion se ejecutara el metodo: createMedioPago
2021-05-28 17:56:18,168 INFO com.dan.cuentacorriente.aspect.LogAspect [http-nio-auto-1-exec-1] Metodo de la clase: class com.dan.cuentacorriente.service.impl.MedioPagoServiceImpl
2021-05-28 17:56:18,169 INFO com.dan.cuentacorriente.aspect.LogAspect [http-nio-auto-1-exec-1] Argumentos: [Cheque [nroCheque=null, fechaCobro=null, banco=null, id=null, observacion=null]]
2021-05-28 17:56:18,257 INFO com.dan.cuentacorriente.aspect.LogAspect [http-nio-auto-1-exec-1] Se ha ejecutado el metodo: createMedioPago
2021-05-28 17:56:18,263 INFO com.dan.cuentacorriente.aspect.LogAspect [http-nio-auto-1-exec-1] A continuacion se ejecutara el metodo: createPago
2021-05-28 17:56:18,263 INFO com.dan.cuentacorriente.aspect.LogAspect [http-nio-auto-1-exec-1] Metodo de la clase: class com.dan.cuentacorriente.service.impl.PagoServiceImpl
2021-05-28 17:56:18,266 INFO com.dan.cuentacorriente.aspect.LogAspect [http-nio-auto-1-exec-1] Argumentos: [Pago [id=null, cliente=com.dan.cuentacorriente.domain.Cliente@7d077a9f, fechaPago=2021-05-28T20:56:18.258682700Z, medio=Cheque [nroCheque=null, fechaCobro=null, banco=null, id=1, observacion=null]]]
2021-05-28 17:56:18,299 INFO com.dan.cuentacorriente.aspect.LogAspect [http-nio-auto-1-exec-1] Se ha ejecutado el metodo: createPago
2021-05-28 17:58:25,034 INFO org.springframework.boot.StartupInfoLogger [main] Starting PagoRestTest using Java 15.0.1 on DESKTOP-KTL7JPA with PID 9076 (started by Usuario in C:\Users\Usuario\Desktop\Sistemas\Electivas\Desarrollo de aplicaciones en la Nube\Laboratorio\cuentacorriente)
2021-05-28 17:58:25,035 DEBUG org.springframework.boot.StartupInfoLogger [main] Running with Spring Boot v2.4.5, Spring v5.3.6
2021-05-28 17:58:25,035 INFO org.springframework.boot.SpringApplication [main] The following profiles are active: testing
2021-05-28 17:58:33,344 INFO org.springframework.boot.StartupInfoLogger [main] Started PagoRestTest in 8.805 seconds (JVM running for 10.534)
2021-05-28 17:58:33,689 INFO com.dan.cuentacorriente.aspect.LogAspect [http-nio-auto-1-exec-1] A continuacion se ejecutara el metodo: createMedioPago
2021-05-28 17:58:33,690 INFO com.dan.cuentacorriente.aspect.LogAspect [http-nio-auto-1-exec-1] Metodo de la clase: class com.dan.cuentacorriente.service.impl.MedioPagoServiceImpl
2021-05-28 17:58:33,691 INFO com.dan.cuentacorriente.aspect.LogAspect [http-nio-auto-1-exec-1] Argumentos: [Cheque [nroCheque=null, fechaCobro=null, banco=null, id=null, observacion=null]]
2021-05-28 17:58:33,796 INFO com.dan.cuentacorriente.aspect.LogAspect [http-nio-auto-1-exec-1] Se ha ejecutado el metodo: createMedioPago
2021-05-28 17:58:33,801 INFO com.dan.cuentacorriente.aspect.LogAspect [http-nio-auto-1-exec-1] A continuacion se ejecutara el metodo: createPago
2021-05-28 17:58:33,801 INFO com.dan.cuentacorriente.aspect.LogAspect [http-nio-auto-1-exec-1] Metodo de la clase: class com.dan.cuentacorriente.service.impl.PagoServiceImpl
2021-05-28 17:58:33,803 INFO com.dan.cuentacorriente.aspect.LogAspect [http-nio-auto-1-exec-1] Argumentos: [Pago [id=null, cliente=com.dan.cuentacorriente.domain.Cliente@1d26ed39, fechaPago=2021-05-28T20:58:33.797001600Z, medio=Cheque [nroCheque=null, fechaCobro=null, banco=null, id=1, observacion=null]]]
2021-05-28 17:58:33,834 INFO com.dan.cuentacorriente.aspect.LogAspect [http-nio-auto-1-exec-1] Se ha ejecutado el metodo: createPago
2021-05-28 17:59:06,035 INFO org.springframework.boot.StartupInfoLogger [main] Starting PagoRestTest using Java 15.0.1 on DESKTOP-KTL7JPA with PID 8700 (started by Usuario in C:\Users\Usuario\Desktop\Sistemas\Electivas\Desarrollo de aplicaciones en la Nube\Laboratorio\cuentacorriente)
2021-05-28 17:59:06,037 DEBUG org.springframework.boot.StartupInfoLogger [main] Running with Spring Boot v2.4.5, Spring v5.3.6
2021-05-28 17:59:06,037 INFO org.springframework.boot.SpringApplication [main] The following profiles are active: testing
2021-05-28 17:59:14,449 INFO org.springframework.boot.StartupInfoLogger [main] Started PagoRestTest in 8.949 seconds (JVM running for 10.632)
2021-05-28 17:59:14,794 INFO com.dan.cuentacorriente.aspect.LogAspect [http-nio-auto-1-exec-1] A continuacion se ejecutara el metodo: createMedioPago
2021-05-28 17:59:14,794 INFO com.dan.cuentacorriente.aspect.LogAspect [http-nio-auto-1-exec-1] Metodo de la clase: class com.dan.cuentacorriente.service.impl.MedioPagoServiceImpl
2021-05-28 17:59:14,794 INFO com.dan.cuentacorriente.aspect.LogAspect [http-nio-auto-1-exec-1] Argumentos: [Cheque [nroCheque=null, fechaCobro=null, banco=null, id=null, observacion=null]]
2021-05-28 17:59:14,890 INFO com.dan.cuentacorriente.aspect.LogAspect [http-nio-auto-1-exec-1] Se ha ejecutado el metodo: createMedioPago
2021-05-28 17:59:14,894 INFO com.dan.cuentacorriente.aspect.LogAspect [http-nio-auto-1-exec-1] A continuacion se ejecutara el metodo: createPago
2021-05-28 17:59:14,894 INFO com.dan.cuentacorriente.aspect.LogAspect [http-nio-auto-1-exec-1] Metodo de la clase: class com.dan.cuentacorriente.service.impl.PagoServiceImpl
2021-05-28 17:59:14,896 INFO com.dan.cuentacorriente.aspect.LogAspect [http-nio-auto-1-exec-1] Argumentos: [Pago [id=null, cliente=com.dan.cuentacorriente.domain.Cliente@1d26ed39, fechaPago=2021-05-28T20:59:14.890281400Z, medio=Cheque [nroCheque=null, fechaCobro=null, banco=null, id=1, observacion=null]]]
2021-05-28 17:59:14,926 INFO com.dan.cuentacorriente.aspect.LogAspect [http-nio-auto-1-exec-1] Se ha ejecutado el metodo: createPago
2021-05-28 18:04:48,688 INFO org.springframework.boot.StartupInfoLogger [main] Starting PagoRestTest using Java 15.0.1 on DESKTOP-KTL7JPA with PID 7588 (started by Usuario in C:\Users\Usuario\Desktop\Sistemas\Electivas\Desarrollo de aplicaciones en la Nube\Laboratorio\cuentacorriente)
2021-05-28 18:04:48,690 DEBUG org.springframework.boot.StartupInfoLogger [main] Running with Spring Boot v2.4.5, Spring v5.3.6
2021-05-28 18:04:48,690 INFO org.springframework.boot.SpringApplication [main] The following profiles are active: testing
2021-05-28 18:04:56,996 INFO org.springframework.boot.StartupInfoLogger [main] Started PagoRestTest in 8.83 seconds (JVM running for 10.576)
2021-05-28 18:06:03,450 INFO org.springframework.boot.StartupInfoLogger [main] Starting PagoRestTest using Java 15.0.1 on DESKTOP-KTL7JPA with PID 10760 (started by Usuario in C:\Users\Usuario\Desktop\Sistemas\Electivas\Desarrollo de aplicaciones en la Nube\Laboratorio\cuentacorriente)
2021-05-28 18:06:03,451 DEBUG org.springframework.boot.StartupInfoLogger [main] Running with Spring Boot v2.4.5, Spring v5.3.6
2021-05-28 18:06:03,452 INFO org.springframework.boot.SpringApplication [main] The following profiles are active: testing
2021-05-28 18:06:11,803 INFO org.springframework.boot.StartupInfoLogger [main] Started PagoRestTest in 8.865 seconds (JVM running for 10.63)
2021-05-28 18:08:11,445 INFO org.springframework.boot.StartupInfoLogger [main] Starting PagoRestTest using Java 15.0.1 on DESKTOP-KTL7JPA with PID 4948 (started by Usuario in C:\Users\Usuario\Desktop\Sistemas\Electivas\Desarrollo de aplicaciones en la Nube\Laboratorio\cuentacorriente)
2021-05-28 18:08:11,448 DEBUG org.springframework.boot.StartupInfoLogger [main] Running with Spring Boot v2.4.5, Spring v5.3.6
2021-05-28 18:08:11,448 INFO org.springframework.boot.SpringApplication [main] The following profiles are active: testing
2021-05-28 18:08:19,830 INFO org.springframework.boot.StartupInfoLogger [main] Started PagoRestTest in 8.903 seconds (JVM running for 10.649)
2021-05-28 18:08:20,188 INFO com.dan.cuentacorriente.aspect.LogAspect [http-nio-auto-1-exec-1] A continuacion se ejecutara el metodo: createPago
2021-05-28 18:08:20,189 INFO com.dan.cuentacorriente.aspect.LogAspect [http-nio-auto-1-exec-1] Metodo de la clase: class com.dan.cuentacorriente.service.impl.PagoServiceImpl
2021-05-28 18:08:20,190 INFO com.dan.cuentacorriente.aspect.LogAspect [http-nio-auto-1-exec-1] Argumentos: [Pago [id=null, cliente=com.dan.cuentacorriente.domain.Cliente@6261456b, fechaPago=2021-05-28T21:08:20.178488200Z, medio=null]]
2021-05-28 18:08:20,285 INFO com.dan.cuentacorriente.aspect.LogAspect [http-nio-auto-1-exec-1] Se ha ejecutado el metodo: createPago
2021-05-28 18:09:33,528 INFO org.springframework.boot.StartupInfoLogger [main] Starting PagoRestTest using Java 15.0.1 on DESKTOP-KTL7JPA with PID 11576 (started by Usuario in C:\Users\Usuario\Desktop\Sistemas\Electivas\Desarrollo de aplicaciones en la Nube\Laboratorio\cuentacorriente)
2021-05-28 18:09:33,531 DEBUG org.springframework.boot.StartupInfoLogger [main] Running with Spring Boot v2.4.5, Spring v5.3.6
2021-05-28 18:09:33,531 INFO org.springframework.boot.SpringApplication [main] The following profiles are active: testing
2021-05-28 18:09:41,889 INFO org.springframework.boot.StartupInfoLogger [main] Started PagoRestTest in 8.868 seconds (JVM running for 10.607)
2021-05-28 18:09:42,224 INFO com.dan.cuentacorriente.aspect.LogAspect [http-nio-auto-1-exec-1] A continuacion se ejecutara el metodo: createPago
2021-05-28 18:09:42,225 INFO com.dan.cuentacorriente.aspect.LogAspect [http-nio-auto-1-exec-1] Metodo de la clase: class com.dan.cuentacorriente.service.impl.PagoServiceImpl
2021-05-28 18:09:42,226 INFO com.dan.cuentacorriente.aspect.LogAspect [http-nio-auto-1-exec-1] Argumentos: [Pago [id=null, cliente=com.dan.cuentacorriente.domain.Cliente@63dca00d, fechaPago=null, medio=Cheque [nroCheque=null, fechaCobro=null, banco=null, id=null, observacion=null]]]
2021-05-28 18:09:42,310 INFO com.dan.cuentacorriente.aspect.LogAspect [http-nio-auto-1-exec-1] Se ha ejecutado el metodo: createPago
2021-05-28 18:12:20,840 INFO org.springframework.boot.StartupInfoLogger [main] Starting PagoRestTest using Java 15.0.1 on DESKTOP-KTL7JPA with PID 10316 (started by Usuario in C:\Users\Usuario\Desktop\Sistemas\Electivas\Desarrollo de aplicaciones en la Nube\Laboratorio\cuentacorriente)
2021-05-28 18:12:20,842 DEBUG org.springframework.boot.StartupInfoLogger [main] Running with Spring Boot v2.4.5, Spring v5.3.6
2021-05-28 18:12:20,843 INFO org.springframework.boot.SpringApplication [main] The following profiles are active: testing
2021-05-28 18:12:29,298 INFO org.springframework.boot.StartupInfoLogger [main] Started PagoRestTest in 8.992 seconds (JVM running for 10.73)
2021-05-28 18:12:29,645 INFO com.dan.cuentacorriente.aspect.LogAspect [http-nio-auto-1-exec-1] A continuacion se ejecutara el metodo: createPago
2021-05-28 18:12:29,646 INFO com.dan.cuentacorriente.aspect.LogAspect [http-nio-auto-1-exec-1] Metodo de la clase: class com.dan.cuentacorriente.service.impl.PagoServiceImpl
2021-05-28 18:12:29,647 INFO com.dan.cuentacorriente.aspect.LogAspect [http-nio-auto-1-exec-1] Argumentos: [Pago [id=null, cliente=com.dan.cuentacorriente.domain.Cliente@2c25d6f0, fechaPago=2021-05-28T21:12:29.639576100Z, medio=null]]
2021-05-28 18:12:29,746 INFO com.dan.cuentacorriente.aspect.LogAspect [http-nio-auto-1-exec-1] Se ha ejecutado el metodo: createPago
2021-05-28 18:18:17,934 INFO org.springframework.boot.StartupInfoLogger [main] Starting PagoRestTest using Java 15.0.1 on DESKTOP-KTL7JPA with PID 12212 (started by Usuario in C:\Users\Usuario\Desktop\Sistemas\Electivas\Desarrollo de aplicaciones en la Nube\Laboratorio\cuentacorriente)
2021-05-28 18:18:17,936 DEBUG org.springframework.boot.StartupInfoLogger [main] Running with Spring Boot v2.4.5, Spring v5.3.6
2021-05-28 18:18:17,937 INFO org.springframework.boot.SpringApplication [main] The following profiles are active: testing
2021-05-28 18:18:26,168 INFO org.springframework.boot.StartupInfoLogger [main] Started PagoRestTest in 8.764 seconds (JVM running for 10.5)
2021-05-28 18:20:52,280 INFO org.springframework.boot.StartupInfoLogger [main] Starting PagoRestTest using Java 15.0.1 on DESKTOP-KTL7JPA with PID 5092 (started by Usuario in C:\Users\Usuario\Desktop\Sistemas\Electivas\Desarrollo de aplicaciones en la Nube\Laboratorio\cuentacorriente)
2021-05-28 18:20:52,282 DEBUG org.springframework.boot.StartupInfoLogger [main] Running with Spring Boot v2.4.5, Spring v5.3.6
2021-05-28 18:20:52,282 INFO org.springframework.boot.SpringApplication [main] The following profiles are active: testing
2021-05-28 18:21:00,801 INFO org.springframework.boot.StartupInfoLogger [main] Started PagoRestTest in 9.043 seconds (JVM running for 10.696)
2021-05-28 18:21:44,531 INFO org.springframework.boot.StartupInfoLogger [main] Starting PagoRestTest using Java 15.0.1 on DESKTOP-KTL7JPA with PID 7228 (started by Usuario in C:\Users\Usuario\Desktop\Sistemas\Electivas\Desarrollo de aplicaciones en la Nube\Laboratorio\cuentacorriente)
2021-05-28 18:21:44,533 DEBUG org.springframework.boot.StartupInfoLogger [main] Running with Spring Boot v2.4.5, Spring v5.3.6
2021-05-28 18:21:44,533 INFO org.springframework.boot.SpringApplication [main] The following profiles are active: testing
2021-05-28 18:21:52,781 INFO org.springframework.boot.StartupInfoLogger [main] Started PagoRestTest in 8.809 seconds (JVM running for 10.522)
2021-05-28 18:22:49,239 INFO org.springframework.boot.StartupInfoLogger [main] Starting PagoRestTest using Java 15.0.1 on DESKTOP-KTL7JPA with PID 2644 (started by Usuario in C:\Users\Usuario\Desktop\Sistemas\Electivas\Desarrollo de aplicaciones en la Nube\Laboratorio\cuentacorriente)
2021-05-28 18:22:49,241 DEBUG org.springframework.boot.StartupInfoLogger [main] Running with Spring Boot v2.4.5, Spring v5.3.6
2021-05-28 18:22:49,241 INFO org.springframework.boot.SpringApplication [main] The following profiles are active: testing
2021-05-28 18:22:57,564 INFO org.springframework.boot.StartupInfoLogger [main] Started PagoRestTest in 8.847 seconds (JVM running for 10.584)
2021-05-28 18:22:58,029 INFO com.dan.cuentacorriente.aspect.LogAspect [http-nio-auto-1-exec-1] A continuacion se ejecutara el metodo: createPago
2021-05-28 18:22:58,030 INFO com.dan.cuentacorriente.aspect.LogAspect [http-nio-auto-1-exec-1] Metodo de la clase: class com.dan.cuentacorriente.service.impl.PagoServiceImpl
2021-05-28 18:22:58,031 INFO com.dan.cuentacorriente.aspect.LogAspect [http-nio-auto-1-exec-1] Argumentos: [Pago [id=null, cliente=com.dan.cuentacorriente.domain.Cliente@70f5016f, fechaPago=2021-05-28T21:22:58.024759800Z, medio=null]]
2021-05-28 18:22:58,064 INFO com.dan.cuentacorriente.aspect.LogAspect [http-nio-auto-1-exec-1] Se ha ejecutado el metodo: createPago
2021-05-28 18:24:28,334 INFO org.springframework.boot.StartupInfoLogger [main] Starting PagoRestTest using Java 15.0.1 on DESKTOP-KTL7JPA with PID 11808 (started by Usuario in C:\Users\Usuario\Desktop\Sistemas\Electivas\Desarrollo de aplicaciones en la Nube\Laboratorio\cuentacorriente)
2021-05-28 18:24:28,336 DEBUG org.springframework.boot.StartupInfoLogger [main] Running with Spring Boot v2.4.5, Spring v5.3.6
2021-05-28 18:24:28,336 INFO org.springframework.boot.SpringApplication [main] The following profiles are active: testing
2021-05-28 18:24:36,690 INFO org.springframework.boot.StartupInfoLogger [main] Started PagoRestTest in 8.874 seconds (JVM running for 10.628)
2021-05-28 18:26:16,962 INFO org.springframework.boot.StartupInfoLogger [main] Starting PagoRestTest using Java 15.0.1 on DESKTOP-KTL7JPA with PID 6356 (started by Usuario in C:\Users\Usuario\Desktop\Sistemas\Electivas\Desarrollo de aplicaciones en la Nube\Laboratorio\cuentacorriente)
2021-05-28 18:26:16,963 DEBUG org.springframework.boot.StartupInfoLogger [main] Running with Spring Boot v2.4.5, Spring v5.3.6
2021-05-28 18:26:16,964 INFO org.springframework.boot.SpringApplication [main] The following profiles are active: testing
