2021-08-05 06:15:59,207 INFO com.dan.cuentacorriente.aspect.LogAspect [http-nio-9003-exec-9] A continuacion se ejecutara el metodo: createPago
2021-08-05 06:15:59,212 INFO com.dan.cuentacorriente.aspect.LogAspect [http-nio-9003-exec-9] Metodo de la clase: class com.dan.cuentacorriente.service.impl.PagoServiceImpl
2021-08-05 06:15:59,212 INFO com.dan.cuentacorriente.aspect.LogAspect [http-nio-9003-exec-9] Argumentos: [Pago [id=null, cliente=com.dan.cuentacorriente.domain.Cliente@2ca260e9, fechaPago=2021-08-05T09:15:59.204255700Z, medio=Cheque [nroCheque=6211, fechaCobro=null, banco=Nuevo Banco de Santa Fe S.A., id=8, observacion=observacion 8]]]
2021-08-05 06:15:59,265 INFO com.dan.cuentacorriente.aspect.LogAspect [http-nio-9003-exec-9] Se ha ejecutado el metodo: createPago
2021-08-05 06:16:02,098 INFO com.dan.cuentacorriente.aspect.LogAspect [http-nio-9003-exec-10] A continuacion se ejecutara el metodo: createMedioPago
2021-08-05 06:16:02,099 INFO com.dan.cuentacorriente.aspect.LogAspect [http-nio-9003-exec-10] Metodo de la clase: class com.dan.cuentacorriente.service.impl.MedioPagoServiceImpl
2021-08-05 06:16:02,099 INFO com.dan.cuentacorriente.aspect.LogAspect [http-nio-9003-exec-10] Argumentos: [Cheque [nroCheque=999, fechaCobro=null, banco=Banco de la Provincia de Buenos Aires, id=null, observacion=observacion 9]]
2021-08-05 06:16:02,103 INFO com.dan.cuentacorriente.aspect.LogAspect [http-nio-9003-exec-10] Se ha ejecutado el metodo: createMedioPago
2021-08-05 06:16:02,106 INFO com.dan.cuentacorriente.aspect.LogAspect [http-nio-9003-exec-10] A continuacion se ejecutara el metodo: createPago
2021-08-05 06:16:02,107 INFO com.dan.cuentacorriente.aspect.LogAspect [http-nio-9003-exec-10] Metodo de la clase: class com.dan.cuentacorriente.service.impl.PagoServiceImpl
2021-08-05 06:16:02,108 INFO com.dan.cuentacorriente.aspect.LogAspect [http-nio-9003-exec-10] Argumentos: [Pago [id=null, cliente=com.dan.cuentacorriente.domain.Cliente@2454427, fechaPago=2021-08-05T09:16:02.104647Z, medio=Cheque [nroCheque=999, fechaCobro=null, banco=Banco de la Provincia de Buenos Aires, id=9, observacion=observacion 9]]]
2021-08-05 06:16:02,161 INFO com.dan.cuentacorriente.aspect.LogAspect [http-nio-9003-exec-10] Se ha ejecutado el metodo: createPago
2021-08-05 06:16:04,510 INFO com.dan.cuentacorriente.aspect.LogAspect [http-nio-9003-exec-2] A continuacion se ejecutara el metodo: createMedioPago
2021-08-05 06:16:04,511 INFO com.dan.cuentacorriente.aspect.LogAspect [http-nio-9003-exec-2] Metodo de la clase: class com.dan.cuentacorriente.service.impl.MedioPagoServiceImpl
2021-08-05 06:16:04,512 INFO com.dan.cuentacorriente.aspect.LogAspect [http-nio-9003-exec-2] Argumentos: [Efectivo [nroRecibo=7667, id=null, observacion=observacion 10]]
2021-08-05 06:16:04,519 INFO com.dan.cuentacorriente.aspect.LogAspect [http-nio-9003-exec-2] Se ha ejecutado el metodo: createMedioPago
2021-08-05 06:16:04,523 INFO com.dan.cuentacorriente.aspect.LogAspect [http-nio-9003-exec-2] A continuacion se ejecutara el metodo: createPago
2021-08-05 06:16:04,523 INFO com.dan.cuentacorriente.aspect.LogAspect [http-nio-9003-exec-2] Metodo de la clase: class com.dan.cuentacorriente.service.impl.PagoServiceImpl
2021-08-05 06:16:04,524 INFO com.dan.cuentacorriente.aspect.LogAspect [http-nio-9003-exec-2] Argumentos: [Pago [id=null, cliente=com.dan.cuentacorriente.domain.Cliente@171b8f8c, fechaPago=2021-08-05T09:16:04.520743900Z, medio=Efectivo [nroRecibo=7667, id=10, observacion=observacion 10]]]
2021-08-05 06:16:04,544 INFO com.dan.cuentacorriente.aspect.LogAspect [http-nio-9003-exec-2] Se ha ejecutado el metodo: createPago
2021-08-05 06:19:08,159 INFO org.springframework.boot.StartupInfoLogger [restartedMain] Starting CuentacorrienteApplication using Java 15.0.1 on DESKTOP-KTL7JPA with PID 17800 (C:\Users\Usuario\Desktop\Sistemas\Electivas\Desarrollo de aplicaciones en la Nube\Laboratorio\Repositorios Integrados\dan-ms-cuentacorriente\target\classes started by Usuario in C:\Users\Usuario\Desktop\Sistemas\Electivas\Desarrollo de aplicaciones en la Nube\Laboratorio\Repositorios Integrados\dan-ms-cuentacorriente)
2021-08-05 06:19:08,164 INFO org.springframework.boot.SpringApplication [restartedMain] No active profile set, falling back to default profiles: default
2021-08-05 06:19:15,314 INFO org.springframework.boot.StartupInfoLogger [restartedMain] Started CuentacorrienteApplication in 7.752 seconds (JVM running for 9.101)
2021-08-05 06:19:50,354 INFO com.dan.cuentacorriente.aspect.LogAspect [http-nio-9003-exec-1] A continuacion se ejecutara el metodo: getAllPagos
2021-08-05 06:19:50,355 INFO com.dan.cuentacorriente.aspect.LogAspect [http-nio-9003-exec-1] Metodo de la clase: class com.dan.cuentacorriente.service.impl.PagoServiceImpl
2021-08-05 06:19:50,355 INFO com.dan.cuentacorriente.aspect.LogAspect [http-nio-9003-exec-1] Argumentos: []
2021-08-05 06:19:50,554 INFO com.dan.cuentacorriente.aspect.LogAspect [http-nio-9003-exec-1] Se ha ejecutado el metodo: getAllPagos
