2021-08-05 05:35:48,881 INFO com.dan.cuentacorriente.aspect.LogAspect [http-nio-9003-exec-9] A continuacion se ejecutara el metodo: createMedioPago
2021-08-05 05:35:48,909 INFO com.dan.cuentacorriente.aspect.LogAspect [http-nio-9003-exec-9] Metodo de la clase: class com.dan.cuentacorriente.service.impl.MedioPagoServiceImpl
2021-08-05 05:35:48,910 INFO com.dan.cuentacorriente.aspect.LogAspect [http-nio-9003-exec-9] Argumentos: [Cheque [nroCheque=6211, fechaCobro=null, banco=Nuevo Banco de Santa Fe S.A., id=null, observacion=observacion 8]]
2021-08-05 05:35:48,915 INFO com.dan.cuentacorriente.aspect.LogAspect [http-nio-9003-exec-9] Se ha ejecutado el metodo: createMedioPago
2021-08-05 05:35:48,921 INFO com.dan.cuentacorriente.aspect.LogAspect [http-nio-9003-exec-9] A continuacion se ejecutara el metodo: createPago
2021-08-05 05:35:48,921 INFO com.dan.cuentacorriente.aspect.LogAspect [http-nio-9003-exec-9] Metodo de la clase: class com.dan.cuentacorriente.service.impl.PagoServiceImpl
2021-08-05 05:35:48,921 INFO com.dan.cuentacorriente.aspect.LogAspect [http-nio-9003-exec-9] Argumentos: [Pago [id=null, cliente=com.dan.cuentacorriente.domain.Cliente@1daf467d, fechaPago=2021-08-05T08:35:48.916822100Z, medio=Cheque [nroCheque=6211, fechaCobro=null, banco=Nuevo Banco de Santa Fe S.A., id=8, observacion=observacion 8]]]
2021-08-05 05:35:48,958 INFO com.dan.cuentacorriente.aspect.LogAspect [http-nio-9003-exec-9] Se ha ejecutado el metodo: createPago
2021-08-05 05:35:51,611 INFO com.dan.cuentacorriente.aspect.LogAspect [http-nio-9003-exec-10] A continuacion se ejecutara el metodo: createMedioPago
2021-08-05 05:35:51,612 INFO com.dan.cuentacorriente.aspect.LogAspect [http-nio-9003-exec-10] Metodo de la clase: class com.dan.cuentacorriente.service.impl.MedioPagoServiceImpl
2021-08-05 05:35:51,612 INFO com.dan.cuentacorriente.aspect.LogAspect [http-nio-9003-exec-10] Argumentos: [Cheque [nroCheque=999, fechaCobro=null, banco=Banco de la Provincia de Buenos Aires, id=null, observacion=observacion 9]]
2021-08-05 05:35:51,616 INFO com.dan.cuentacorriente.aspect.LogAspect [http-nio-9003-exec-10] Se ha ejecutado el metodo: createMedioPago
2021-08-05 05:35:51,619 INFO com.dan.cuentacorriente.aspect.LogAspect [http-nio-9003-exec-10] A continuacion se ejecutara el metodo: createPago
2021-08-05 05:35:51,620 INFO com.dan.cuentacorriente.aspect.LogAspect [http-nio-9003-exec-10] Metodo de la clase: class com.dan.cuentacorriente.service.impl.PagoServiceImpl
2021-08-05 05:35:51,620 INFO com.dan.cuentacorriente.aspect.LogAspect [http-nio-9003-exec-10] Argumentos: [Pago [id=null, cliente=com.dan.cuentacorriente.domain.Cliente@1d34bba8, fechaPago=2021-08-05T08:35:51.616760100Z, medio=Cheque [nroCheque=999, fechaCobro=null, banco=Banco de la Provincia de Buenos Aires, id=9, observacion=observacion 9]]]
2021-08-05 05:35:51,630 INFO com.dan.cuentacorriente.aspect.LogAspect [http-nio-9003-exec-10] Se ha ejecutado el metodo: createPago
2021-08-05 05:35:54,068 INFO com.dan.cuentacorriente.aspect.LogAspect [http-nio-9003-exec-2] A continuacion se ejecutara el metodo: createMedioPago
2021-08-05 05:35:54,069 INFO com.dan.cuentacorriente.aspect.LogAspect [http-nio-9003-exec-2] Metodo de la clase: class com.dan.cuentacorriente.service.impl.MedioPagoServiceImpl
2021-08-05 05:35:54,069 INFO com.dan.cuentacorriente.aspect.LogAspect [http-nio-9003-exec-2] Argumentos: [Efectivo [nroRecibo=7667, id=null, observacion=observacion 10]]
2021-08-05 05:35:54,077 INFO com.dan.cuentacorriente.aspect.LogAspect [http-nio-9003-exec-2] Se ha ejecutado el metodo: createMedioPago
2021-08-05 05:35:54,080 INFO com.dan.cuentacorriente.aspect.LogAspect [http-nio-9003-exec-2] A continuacion se ejecutara el metodo: createPago
2021-08-05 05:35:54,080 INFO com.dan.cuentacorriente.aspect.LogAspect [http-nio-9003-exec-2] Metodo de la clase: class com.dan.cuentacorriente.service.impl.PagoServiceImpl
2021-08-05 05:35:54,080 INFO com.dan.cuentacorriente.aspect.LogAspect [http-nio-9003-exec-2] Argumentos: [Pago [id=null, cliente=com.dan.cuentacorriente.domain.Cliente@62fcb4ec, fechaPago=2021-08-05T08:35:54.078914700Z, medio=Efectivo [nroRecibo=7667, id=10, observacion=observacion 10]]]
2021-08-05 05:35:54,101 INFO com.dan.cuentacorriente.aspect.LogAspect [http-nio-9003-exec-2] Se ha ejecutado el metodo: createPago
2021-08-05 05:43:26,268 INFO org.springframework.boot.StartupInfoLogger [restartedMain] Starting CuentacorrienteApplication using Java 15.0.1 on DESKTOP-KTL7JPA with PID 14120 (C:\Users\Usuario\Desktop\Sistemas\Electivas\Desarrollo de aplicaciones en la Nube\Laboratorio\Repositorios Integrados\dan-ms-cuentacorriente\target\classes started by Usuario in C:\Users\Usuario\Desktop\Sistemas\Electivas\Desarrollo de aplicaciones en la Nube\Laboratorio\Repositorios Integrados\dan-ms-cuentacorriente)
2021-08-05 05:43:26,271 INFO org.springframework.boot.SpringApplication [restartedMain] No active profile set, falling back to default profiles: default
2021-08-05 05:43:32,684 INFO org.springframework.boot.StartupInfoLogger [restartedMain] Started CuentacorrienteApplication in 7.012 seconds (JVM running for 8.385)
2021-08-05 05:46:01,018 INFO com.dan.cuentacorriente.aspect.LogAspect [http-nio-9003-exec-1] A continuacion se ejecutara el metodo: getAllPagos
2021-08-05 05:46:01,019 INFO com.dan.cuentacorriente.aspect.LogAspect [http-nio-9003-exec-1] Metodo de la clase: class com.dan.cuentacorriente.service.impl.PagoServiceImpl
2021-08-05 05:46:01,020 INFO com.dan.cuentacorriente.aspect.LogAspect [http-nio-9003-exec-1] Argumentos: []
2021-08-05 05:46:01,218 INFO com.dan.cuentacorriente.aspect.LogAspect [http-nio-9003-exec-1] Se ha ejecutado el metodo: getAllPagos
2021-08-05 05:56:52,986 INFO org.springframework.boot.StartupInfoLogger [restartedMain] Starting CuentacorrienteApplication using Java 15.0.1 on DESKTOP-KTL7JPA with PID 1048 (C:\Users\Usuario\Desktop\Sistemas\Electivas\Desarrollo de aplicaciones en la Nube\Laboratorio\Repositorios Integrados\dan-ms-cuentacorriente\target\classes started by Usuario in C:\Users\Usuario\Desktop\Sistemas\Electivas\Desarrollo de aplicaciones en la Nube\Laboratorio\Repositorios Integrados\dan-ms-cuentacorriente)
2021-08-05 05:56:52,990 INFO org.springframework.boot.SpringApplication [restartedMain] No active profile set, falling back to default profiles: default
2021-08-05 05:56:59,888 INFO org.springframework.boot.StartupInfoLogger [restartedMain] Started CuentacorrienteApplication in 7.516 seconds (JVM running for 8.793)
2021-08-05 06:07:07,993 INFO org.springframework.boot.StartupInfoLogger [restartedMain] Starting CuentacorrienteApplication using Java 15.0.1 on DESKTOP-KTL7JPA with PID 13512 (C:\Users\Usuario\Desktop\Sistemas\Electivas\Desarrollo de aplicaciones en la Nube\Laboratorio\Repositorios Integrados\dan-ms-cuentacorriente\target\classes started by Usuario in C:\Users\Usuario\Desktop\Sistemas\Electivas\Desarrollo de aplicaciones en la Nube\Laboratorio\Repositorios Integrados\dan-ms-cuentacorriente)
2021-08-05 06:07:07,997 INFO org.springframework.boot.SpringApplication [restartedMain] No active profile set, falling back to default profiles: default
2021-08-05 06:07:14,615 INFO org.springframework.boot.StartupInfoLogger [restartedMain] Started CuentacorrienteApplication in 7.13 seconds (JVM running for 8.108)
2021-08-05 06:08:33,789 INFO org.springframework.boot.StartupInfoLogger [restartedMain] Starting CuentacorrienteApplication using Java 15.0.1 on DESKTOP-KTL7JPA with PID 9580 (C:\Users\Usuario\Desktop\Sistemas\Electivas\Desarrollo de aplicaciones en la Nube\Laboratorio\Repositorios Integrados\dan-ms-cuentacorriente\target\classes started by Usuario in C:\Users\Usuario\Desktop\Sistemas\Electivas\Desarrollo de aplicaciones en la Nube\Laboratorio\Repositorios Integrados\dan-ms-cuentacorriente)
2021-08-05 06:08:33,793 INFO org.springframework.boot.SpringApplication [restartedMain] No active profile set, falling back to default profiles: default
2021-08-05 06:08:39,829 INFO org.springframework.boot.StartupInfoLogger [restartedMain] Started CuentacorrienteApplication in 6.565 seconds (JVM running for 7.651)
2021-08-05 06:09:22,197 INFO org.springframework.boot.StartupInfoLogger [restartedMain] Starting CuentacorrienteApplication using Java 15.0.1 on DESKTOP-KTL7JPA with PID 11132 (C:\Users\Usuario\Desktop\Sistemas\Electivas\Desarrollo de aplicaciones en la Nube\Laboratorio\Repositorios Integrados\dan-ms-cuentacorriente\target\classes started by Usuario in C:\Users\Usuario\Desktop\Sistemas\Electivas\Desarrollo de aplicaciones en la Nube\Laboratorio\Repositorios Integrados\dan-ms-cuentacorriente)
2021-08-05 06:09:22,201 INFO org.springframework.boot.SpringApplication [restartedMain] No active profile set, falling back to default profiles: default
2021-08-05 06:09:28,288 INFO org.springframework.boot.StartupInfoLogger [restartedMain] Started CuentacorrienteApplication in 6.609 seconds (JVM running for 7.697)
2021-08-05 06:10:47,505 INFO org.springframework.boot.StartupInfoLogger [restartedMain] Starting CuentacorrienteApplication using Java 15.0.1 on DESKTOP-KTL7JPA with PID 11872 (C:\Users\Usuario\Desktop\Sistemas\Electivas\Desarrollo de aplicaciones en la Nube\Laboratorio\Repositorios Integrados\dan-ms-cuentacorriente\target\classes started by Usuario in C:\Users\Usuario\Desktop\Sistemas\Electivas\Desarrollo de aplicaciones en la Nube\Laboratorio\Repositorios Integrados\dan-ms-cuentacorriente)
2021-08-05 06:10:47,509 INFO org.springframework.boot.SpringApplication [restartedMain] No active profile set, falling back to default profiles: default
2021-08-05 06:10:53,524 INFO org.springframework.boot.StartupInfoLogger [restartedMain] Started CuentacorrienteApplication in 6.57 seconds (JVM running for 7.637)
2021-08-05 06:15:42,709 INFO com.dan.cuentacorriente.aspect.LogAspect [http-nio-9003-exec-1] A continuacion se ejecutara el metodo: createMedioPago
2021-08-05 06:15:42,710 INFO com.dan.cuentacorriente.aspect.LogAspect [http-nio-9003-exec-1] Metodo de la clase: class com.dan.cuentacorriente.service.impl.MedioPagoServiceImpl
2021-08-05 06:15:42,710 INFO com.dan.cuentacorriente.aspect.LogAspect [http-nio-9003-exec-1] Argumentos: [Efectivo [nroRecibo=323, id=null, observacion=observacion 1]]
2021-08-05 06:15:42,797 INFO com.dan.cuentacorriente.aspect.LogAspect [http-nio-9003-exec-1] Se ha ejecutado el metodo: createMedioPago
2021-08-05 06:15:42,823 INFO com.dan.cuentacorriente.aspect.LogAspect [http-nio-9003-exec-1] A continuacion se ejecutara el metodo: createPago
2021-08-05 06:15:42,823 INFO com.dan.cuentacorriente.aspect.LogAspect [http-nio-9003-exec-1] Metodo de la clase: class com.dan.cuentacorriente.service.impl.PagoServiceImpl
2021-08-05 06:15:42,836 INFO com.dan.cuentacorriente.aspect.LogAspect [http-nio-9003-exec-1] Argumentos: [Pago [id=null, cliente=com.dan.cuentacorriente.domain.Cliente@26d92610, fechaPago=2021-08-05T09:15:42.797585900Z, medio=Efectivo [nroRecibo=323, id=1, observacion=observacion 1]]]
2021-08-05 06:15:42,858 INFO com.dan.cuentacorriente.aspect.LogAspect [http-nio-9003-exec-1] Se ha ejecutado el metodo: createPago
2021-08-05 06:15:45,172 INFO com.dan.cuentacorriente.aspect.LogAspect [http-nio-9003-exec-3] A continuacion se ejecutara el metodo: createMedioPago
2021-08-05 06:15:45,172 INFO com.dan.cuentacorriente.aspect.LogAspect [http-nio-9003-exec-3] Metodo de la clase: class com.dan.cuentacorriente.service.impl.MedioPagoServiceImpl
2021-08-05 06:15:45,172 INFO com.dan.cuentacorriente.aspect.LogAspect [http-nio-9003-exec-3] Argumentos: [Transferencia [cbuOrigen=566555532311, cbuDestino=985678886522, codigoTransferencia=12341, id=null, observacion=observacion 2]]
2021-08-05 06:15:45,180 INFO com.dan.cuentacorriente.aspect.LogAspect [http-nio-9003-exec-3] Se ha ejecutado el metodo: createMedioPago
2021-08-05 06:15:45,183 INFO com.dan.cuentacorriente.aspect.LogAspect [http-nio-9003-exec-3] A continuacion se ejecutara el metodo: createPago
2021-08-05 06:15:45,183 INFO com.dan.cuentacorriente.aspect.LogAspect [http-nio-9003-exec-3] Metodo de la clase: class com.dan.cuentacorriente.service.impl.PagoServiceImpl
2021-08-05 06:15:45,184 INFO com.dan.cuentacorriente.aspect.LogAspect [http-nio-9003-exec-3] Argumentos: [Pago [id=null, cliente=com.dan.cuentacorriente.domain.Cliente@d296563, fechaPago=2021-08-05T09:15:45.181804600Z, medio=Transferencia [cbuOrigen=566555532311, cbuDestino=985678886522, codigoTransferencia=12341, id=2, observacion=observacion 2]]]
2021-08-05 06:15:45,214 INFO com.dan.cuentacorriente.aspect.LogAspect [http-nio-9003-exec-3] Se ha ejecutado el metodo: createPago
2021-08-05 06:15:47,443 INFO com.dan.cuentacorriente.aspect.LogAspect [http-nio-9003-exec-4] A continuacion se ejecutara el metodo: createMedioPago
2021-08-05 06:15:47,444 INFO com.dan.cuentacorriente.aspect.LogAspect [http-nio-9003-exec-4] Metodo de la clase: class com.dan.cuentacorriente.service.impl.MedioPagoServiceImpl
2021-08-05 06:15:47,444 INFO com.dan.cuentacorriente.aspect.LogAspect [http-nio-9003-exec-4] Argumentos: [Cheque [nroCheque=123, fechaCobro=null, banco=Nuevo Banco de Santa Fe S.A., id=null, observacion=observacion 3]]
2021-08-05 06:15:47,472 INFO com.dan.cuentacorriente.aspect.LogAspect [http-nio-9003-exec-4] Se ha ejecutado el metodo: createMedioPago
2021-08-05 06:15:47,477 INFO com.dan.cuentacorriente.aspect.LogAspect [http-nio-9003-exec-4] A continuacion se ejecutara el metodo: createPago
2021-08-05 06:15:47,478 INFO com.dan.cuentacorriente.aspect.LogAspect [http-nio-9003-exec-4] Metodo de la clase: class com.dan.cuentacorriente.service.impl.PagoServiceImpl
2021-08-05 06:15:47,478 INFO com.dan.cuentacorriente.aspect.LogAspect [http-nio-9003-exec-4] Argumentos: [Pago [id=null, cliente=com.dan.cuentacorriente.domain.Cliente@50ab4181, fechaPago=2021-08-05T09:15:47.472862200Z, medio=Cheque [nroCheque=123, fechaCobro=null, banco=Nuevo Banco de Santa Fe S.A., id=3, observacion=observacion 3]]]
2021-08-05 06:15:47,545 INFO com.dan.cuentacorriente.aspect.LogAspect [http-nio-9003-exec-4] Se ha ejecutado el metodo: createPago
2021-08-05 06:15:49,478 INFO com.dan.cuentacorriente.aspect.LogAspect [http-nio-9003-exec-5] A continuacion se ejecutara el metodo: createMedioPago
2021-08-05 06:15:49,479 INFO com.dan.cuentacorriente.aspect.LogAspect [http-nio-9003-exec-5] Metodo de la clase: class com.dan.cuentacorriente.service.impl.MedioPagoServiceImpl
2021-08-05 06:15:49,479 INFO com.dan.cuentacorriente.aspect.LogAspect [http-nio-9003-exec-5] Argumentos: [Cheque [nroCheque=10, fechaCobro=null, banco=Banco de la Nación Argentina, id=null, observacion=observacion 4]]
2021-08-05 06:15:49,525 INFO com.dan.cuentacorriente.aspect.LogAspect [http-nio-9003-exec-5] Se ha ejecutado el metodo: createMedioPago
2021-08-05 06:15:49,528 INFO com.dan.cuentacorriente.aspect.LogAspect [http-nio-9003-exec-5] A continuacion se ejecutara el metodo: createPago
2021-08-05 06:15:49,528 INFO com.dan.cuentacorriente.aspect.LogAspect [http-nio-9003-exec-5] Metodo de la clase: class com.dan.cuentacorriente.service.impl.PagoServiceImpl
2021-08-05 06:15:49,528 INFO com.dan.cuentacorriente.aspect.LogAspect [http-nio-9003-exec-5] Argumentos: [Pago [id=null, cliente=com.dan.cuentacorriente.domain.Cliente@6a26ad1f, fechaPago=2021-08-05T09:15:49.526372300Z, medio=Cheque [nroCheque=10, fechaCobro=null, banco=Banco de la Nación Argentina, id=4, observacion=observacion 4]]]
2021-08-05 06:15:49,532 INFO com.dan.cuentacorriente.aspect.LogAspect [http-nio-9003-exec-5] Se ha ejecutado el metodo: createPago
2021-08-05 06:15:52,579 INFO com.dan.cuentacorriente.aspect.LogAspect [http-nio-9003-exec-6] A continuacion se ejecutara el metodo: createMedioPago
2021-08-05 06:15:52,580 INFO com.dan.cuentacorriente.aspect.LogAspect [http-nio-9003-exec-6] Metodo de la clase: class com.dan.cuentacorriente.service.impl.MedioPagoServiceImpl
2021-08-05 06:15:52,580 INFO com.dan.cuentacorriente.aspect.LogAspect [http-nio-9003-exec-6] Argumentos: [Transferencia [cbuOrigen=12435321523521, cbuDestino=5432414256211, codigoTransferencia=56233, id=null, observacion=observacion 5]]
2021-08-05 06:15:52,584 INFO com.dan.cuentacorriente.aspect.LogAspect [http-nio-9003-exec-6] Se ha ejecutado el metodo: createMedioPago
2021-08-05 06:15:52,587 INFO com.dan.cuentacorriente.aspect.LogAspect [http-nio-9003-exec-6] A continuacion se ejecutara el metodo: createPago
2021-08-05 06:15:52,588 INFO com.dan.cuentacorriente.aspect.LogAspect [http-nio-9003-exec-6] Metodo de la clase: class com.dan.cuentacorriente.service.impl.PagoServiceImpl
2021-08-05 06:15:52,588 INFO com.dan.cuentacorriente.aspect.LogAspect [http-nio-9003-exec-6] Argumentos: [Pago [id=null, cliente=com.dan.cuentacorriente.domain.Cliente@24386afd, fechaPago=2021-08-05T09:15:52.585808800Z, medio=Transferencia [cbuOrigen=12435321523521, cbuDestino=5432414256211, codigoTransferencia=56233, id=5, observacion=observacion 5]]]
2021-08-05 06:15:52,637 INFO com.dan.cuentacorriente.aspect.LogAspect [http-nio-9003-exec-6] Se ha ejecutado el metodo: createPago
2021-08-05 06:15:54,886 INFO com.dan.cuentacorriente.aspect.LogAspect [http-nio-9003-exec-7] A continuacion se ejecutara el metodo: createMedioPago
2021-08-05 06:15:54,887 INFO com.dan.cuentacorriente.aspect.LogAspect [http-nio-9003-exec-7] Metodo de la clase: class com.dan.cuentacorriente.service.impl.MedioPagoServiceImpl
2021-08-05 06:15:54,887 INFO com.dan.cuentacorriente.aspect.LogAspect [http-nio-9003-exec-7] Argumentos: [Efectivo [nroRecibo=563, id=null, observacion=observacion 6]]
2021-08-05 06:15:54,912 INFO com.dan.cuentacorriente.aspect.LogAspect [http-nio-9003-exec-7] Se ha ejecutado el metodo: createMedioPago
2021-08-05 06:15:54,915 INFO com.dan.cuentacorriente.aspect.LogAspect [http-nio-9003-exec-7] A continuacion se ejecutara el metodo: createPago
2021-08-05 06:15:54,916 INFO com.dan.cuentacorriente.aspect.LogAspect [http-nio-9003-exec-7] Metodo de la clase: class com.dan.cuentacorriente.service.impl.PagoServiceImpl
2021-08-05 06:15:54,916 INFO com.dan.cuentacorriente.aspect.LogAspect [http-nio-9003-exec-7] Argumentos: [Pago [id=null, cliente=com.dan.cuentacorriente.domain.Cliente@1207501b, fechaPago=2021-08-05T09:15:54.913200800Z, medio=Efectivo [nroRecibo=563, id=6, observacion=observacion 6]]]
2021-08-05 06:15:54,970 INFO com.dan.cuentacorriente.aspect.LogAspect [http-nio-9003-exec-7] Se ha ejecutado el metodo: createPago
2021-08-05 06:15:57,059 INFO com.dan.cuentacorriente.aspect.LogAspect [http-nio-9003-exec-8] A continuacion se ejecutara el metodo: createMedioPago
2021-08-05 06:15:57,060 INFO com.dan.cuentacorriente.aspect.LogAspect [http-nio-9003-exec-8] Metodo de la clase: class com.dan.cuentacorriente.service.impl.MedioPagoServiceImpl
2021-08-05 06:15:57,061 INFO com.dan.cuentacorriente.aspect.LogAspect [http-nio-9003-exec-8] Argumentos: [Transferencia [cbuOrigen=865756745333, cbuDestino=68883411243324, codigoTransferencia=900032, id=null, observacion=observacion 7]]
2021-08-05 06:15:57,086 INFO com.dan.cuentacorriente.aspect.LogAspect [http-nio-9003-exec-8] Se ha ejecutado el metodo: createMedioPago
2021-08-05 06:15:57,089 INFO com.dan.cuentacorriente.aspect.LogAspect [http-nio-9003-exec-8] A continuacion se ejecutara el metodo: createPago
2021-08-05 06:15:57,089 INFO com.dan.cuentacorriente.aspect.LogAspect [http-nio-9003-exec-8] Metodo de la clase: class com.dan.cuentacorriente.service.impl.PagoServiceImpl
2021-08-05 06:15:57,089 INFO com.dan.cuentacorriente.aspect.LogAspect [http-nio-9003-exec-8] Argumentos: [Pago [id=null, cliente=com.dan.cuentacorriente.domain.Cliente@1d34bba8, fechaPago=2021-08-05T09:15:57.087639500Z, medio=Transferencia [cbuOrigen=865756745333, cbuDestino=68883411243324, codigoTransferencia=900032, id=7, observacion=observacion 7]]]
2021-08-05 06:15:57,099 INFO com.dan.cuentacorriente.aspect.LogAspect [http-nio-9003-exec-8] Se ha ejecutado el metodo: createPago
2021-08-05 06:15:59,141 INFO com.dan.cuentacorriente.aspect.LogAspect [http-nio-9003-exec-9] A continuacion se ejecutara el metodo: createMedioPago
2021-08-05 06:15:59,142 INFO com.dan.cuentacorriente.aspect.LogAspect [http-nio-9003-exec-9] Metodo de la clase: class com.dan.cuentacorriente.service.impl.MedioPagoServiceImpl
2021-08-05 06:15:59,142 INFO com.dan.cuentacorriente.aspect.LogAspect [http-nio-9003-exec-9] Argumentos: [Cheque [nroCheque=6211, fechaCobro=null, banco=Nuevo Banco de Santa Fe S.A., id=null, observacion=observacion 8]]
2021-08-05 06:15:59,203 INFO com.dan.cuentacorriente.aspect.LogAspect [http-nio-9003-exec-9] Se ha ejecutado el metodo: createMedioPago
