2021-08-05 00:00:21,066 INFO com.dan.cuentacorriente.aspect.LogAspect [http-nio-9003-exec-1] A continuacion se ejecutara el metodo: getAllPagos
2021-08-05 00:00:21,070 INFO com.dan.cuentacorriente.aspect.LogAspect [http-nio-9003-exec-1] Metodo de la clase: class com.dan.cuentacorriente.service.impl.PagoServiceImpl
2021-08-05 00:00:21,071 INFO com.dan.cuentacorriente.aspect.LogAspect [http-nio-9003-exec-1] Argumentos: []
2021-08-05 00:00:21,242 INFO com.dan.cuentacorriente.aspect.LogAspect [http-nio-9003-exec-1] Se ha ejecutado el metodo: getAllPagos
2021-08-05 00:01:11,375 INFO com.dan.cuentacorriente.aspect.LogAspect [http-nio-9003-exec-3] A continuacion se ejecutara el metodo: createMedioPago
2021-08-05 00:01:11,376 INFO com.dan.cuentacorriente.aspect.LogAspect [http-nio-9003-exec-3] Metodo de la clase: class com.dan.cuentacorriente.service.impl.MedioPagoServiceImpl
2021-08-05 00:01:11,377 INFO com.dan.cuentacorriente.aspect.LogAspect [http-nio-9003-exec-3] Argumentos: [Efectivo [nroRecibo=323, id=null, observacion=observacion 1]]
2021-08-05 00:01:11,438 INFO com.dan.cuentacorriente.aspect.LogAspect [http-nio-9003-exec-3] Se ha ejecutado el metodo: createMedioPago
2021-08-05 00:01:11,457 INFO com.dan.cuentacorriente.aspect.LogAspect [http-nio-9003-exec-3] A continuacion se ejecutara el metodo: createPago
2021-08-05 00:01:11,457 INFO com.dan.cuentacorriente.aspect.LogAspect [http-nio-9003-exec-3] Metodo de la clase: class com.dan.cuentacorriente.service.impl.PagoServiceImpl
2021-08-05 00:01:11,459 INFO com.dan.cuentacorriente.aspect.LogAspect [http-nio-9003-exec-3] Argumentos: [Pago [id=null, cliente=com.dan.cuentacorriente.domain.Cliente@40510f2a, fechaPago=2021-08-05T03:01:11.439842100Z, medio=Efectivo [nroRecibo=323, id=1, observacion=observacion 1]]]
2021-08-05 00:01:11,511 INFO com.dan.cuentacorriente.aspect.LogAspect [http-nio-9003-exec-3] Se ha ejecutado el metodo: createPago
2021-08-05 00:01:14,347 INFO com.dan.cuentacorriente.aspect.LogAspect [http-nio-9003-exec-4] A continuacion se ejecutara el metodo: createMedioPago
2021-08-05 00:01:14,348 INFO com.dan.cuentacorriente.aspect.LogAspect [http-nio-9003-exec-4] Metodo de la clase: class com.dan.cuentacorriente.service.impl.MedioPagoServiceImpl
2021-08-05 00:01:14,348 INFO com.dan.cuentacorriente.aspect.LogAspect [http-nio-9003-exec-4] Argumentos: [Transferencia [cbuOrigen=566555532311, cbuDestino=985678886522, codigoTransferencia=12341, id=null, observacion=observacion 2]]
2021-08-05 00:01:14,366 INFO com.dan.cuentacorriente.aspect.LogAspect [http-nio-9003-exec-4] Se ha ejecutado el metodo: createMedioPago
2021-08-05 00:01:14,372 INFO com.dan.cuentacorriente.aspect.LogAspect [http-nio-9003-exec-4] A continuacion se ejecutara el metodo: createPago
2021-08-05 00:01:14,373 INFO com.dan.cuentacorriente.aspect.LogAspect [http-nio-9003-exec-4] Metodo de la clase: class com.dan.cuentacorriente.service.impl.PagoServiceImpl
2021-08-05 00:01:14,374 INFO com.dan.cuentacorriente.aspect.LogAspect [http-nio-9003-exec-4] Argumentos: [Pago [id=null, cliente=com.dan.cuentacorriente.domain.Cliente@34715893, fechaPago=2021-08-05T03:01:14.367169800Z, medio=Transferencia [cbuOrigen=566555532311, cbuDestino=985678886522, codigoTransferencia=12341, id=2, observacion=observacion 2]]]
2021-08-05 00:01:14,434 INFO com.dan.cuentacorriente.aspect.LogAspect [http-nio-9003-exec-4] Se ha ejecutado el metodo: createPago
2021-08-05 00:01:19,550 INFO com.dan.cuentacorriente.aspect.LogAspect [http-nio-9003-exec-5] A continuacion se ejecutara el metodo: getAllPagos
2021-08-05 00:01:19,551 INFO com.dan.cuentacorriente.aspect.LogAspect [http-nio-9003-exec-5] Metodo de la clase: class com.dan.cuentacorriente.service.impl.PagoServiceImpl
2021-08-05 00:01:19,551 INFO com.dan.cuentacorriente.aspect.LogAspect [http-nio-9003-exec-5] Argumentos: []
2021-08-05 00:01:19,560 INFO com.dan.cuentacorriente.aspect.LogAspect [http-nio-9003-exec-5] Se ha ejecutado el metodo: getAllPagos
2021-08-05 05:13:35,460 INFO org.springframework.boot.StartupInfoLogger [restartedMain] Starting CuentacorrienteApplication using Java 15.0.1 on DESKTOP-KTL7JPA with PID 9236 (C:\Users\Usuario\Desktop\Sistemas\Electivas\Desarrollo de aplicaciones en la Nube\Laboratorio\Repositorios Integrados\dan-ms-cuentacorriente\target\classes started by Usuario in C:\Users\Usuario\Desktop\Sistemas\Electivas\Desarrollo de aplicaciones en la Nube\Laboratorio\Repositorios Integrados\dan-ms-cuentacorriente)
2021-08-05 05:13:35,501 INFO org.springframework.boot.SpringApplication [restartedMain] No active profile set, falling back to default profiles: default
2021-08-05 05:13:42,195 INFO org.springframework.boot.StartupInfoLogger [restartedMain] Started CuentacorrienteApplication in 7.382 seconds (JVM running for 8.542)
2021-08-05 05:17:00,107 INFO com.dan.cuentacorriente.aspect.LogAspect [http-nio-9003-exec-1] A continuacion se ejecutara el metodo: createMedioPago
2021-08-05 05:17:00,108 INFO com.dan.cuentacorriente.aspect.LogAspect [http-nio-9003-exec-1] Metodo de la clase: class com.dan.cuentacorriente.service.impl.MedioPagoServiceImpl
2021-08-05 05:17:00,109 INFO com.dan.cuentacorriente.aspect.LogAspect [http-nio-9003-exec-1] Argumentos: [Efectivo [nroRecibo=323, id=null, observacion=observacion 1]]
2021-08-05 05:17:00,216 INFO com.dan.cuentacorriente.aspect.LogAspect [http-nio-9003-exec-1] Se ha ejecutado el metodo: createMedioPago
2021-08-05 05:17:00,246 INFO com.dan.cuentacorriente.aspect.LogAspect [http-nio-9003-exec-1] A continuacion se ejecutara el metodo: createPago
2021-08-05 05:17:00,247 INFO com.dan.cuentacorriente.aspect.LogAspect [http-nio-9003-exec-1] Metodo de la clase: class com.dan.cuentacorriente.service.impl.PagoServiceImpl
2021-08-05 05:17:00,267 INFO com.dan.cuentacorriente.aspect.LogAspect [http-nio-9003-exec-1] Argumentos: [Pago [id=null, cliente=com.dan.cuentacorriente.domain.Cliente@34e45f21, fechaPago=2021-08-05T08:17:00.216823600Z, medio=Efectivo [nroRecibo=323, id=1, observacion=observacion 1]]]
2021-08-05 05:17:00,357 INFO com.dan.cuentacorriente.aspect.LogAspect [http-nio-9003-exec-1] Se ha ejecutado el metodo: createPago
2021-08-05 05:17:02,710 INFO com.dan.cuentacorriente.aspect.LogAspect [http-nio-9003-exec-3] A continuacion se ejecutara el metodo: createMedioPago
2021-08-05 05:17:02,711 INFO com.dan.cuentacorriente.aspect.LogAspect [http-nio-9003-exec-3] Metodo de la clase: class com.dan.cuentacorriente.service.impl.MedioPagoServiceImpl
2021-08-05 05:17:02,711 INFO com.dan.cuentacorriente.aspect.LogAspect [http-nio-9003-exec-3] Argumentos: [Transferencia [cbuOrigen=566555532311, cbuDestino=985678886522, codigoTransferencia=12341, id=null, observacion=observacion 2]]
2021-08-05 05:17:02,752 INFO com.dan.cuentacorriente.aspect.LogAspect [http-nio-9003-exec-3] Se ha ejecutado el metodo: createMedioPago
2021-08-05 05:17:02,755 INFO com.dan.cuentacorriente.aspect.LogAspect [http-nio-9003-exec-3] A continuacion se ejecutara el metodo: createPago
2021-08-05 05:17:02,756 INFO com.dan.cuentacorriente.aspect.LogAspect [http-nio-9003-exec-3] Metodo de la clase: class com.dan.cuentacorriente.service.impl.PagoServiceImpl
2021-08-05 05:17:02,756 INFO com.dan.cuentacorriente.aspect.LogAspect [http-nio-9003-exec-3] Argumentos: [Pago [id=null, cliente=com.dan.cuentacorriente.domain.Cliente@d296563, fechaPago=2021-08-05T08:17:02.752642Z, medio=Transferencia [cbuOrigen=566555532311, cbuDestino=985678886522, codigoTransferencia=12341, id=2, observacion=observacion 2]]]
2021-08-05 05:17:02,784 INFO com.dan.cuentacorriente.aspect.LogAspect [http-nio-9003-exec-3] Se ha ejecutado el metodo: createPago
2021-08-05 05:17:06,455 INFO com.dan.cuentacorriente.aspect.LogAspect [http-nio-9003-exec-4] A continuacion se ejecutara el metodo: createMedioPago
2021-08-05 05:17:06,456 INFO com.dan.cuentacorriente.aspect.LogAspect [http-nio-9003-exec-4] Metodo de la clase: class com.dan.cuentacorriente.service.impl.MedioPagoServiceImpl
2021-08-05 05:17:06,456 INFO com.dan.cuentacorriente.aspect.LogAspect [http-nio-9003-exec-4] Argumentos: [Cheque [nroCheque=123, fechaCobro=null, banco=Nuevo Banco de Santa Fe S.A., id=null, observacion=observacion 3]]
2021-08-05 05:17:06,475 INFO com.dan.cuentacorriente.aspect.LogAspect [http-nio-9003-exec-4] Se ha ejecutado el metodo: createMedioPago
2021-08-05 05:17:06,478 INFO com.dan.cuentacorriente.aspect.LogAspect [http-nio-9003-exec-4] A continuacion se ejecutara el metodo: createPago
2021-08-05 05:17:06,478 INFO com.dan.cuentacorriente.aspect.LogAspect [http-nio-9003-exec-4] Metodo de la clase: class com.dan.cuentacorriente.service.impl.PagoServiceImpl
2021-08-05 05:17:06,479 INFO com.dan.cuentacorriente.aspect.LogAspect [http-nio-9003-exec-4] Argumentos: [Pago [id=null, cliente=com.dan.cuentacorriente.domain.Cliente@50ab4181, fechaPago=2021-08-05T08:17:06.475780900Z, medio=Cheque [nroCheque=123, fechaCobro=null, banco=Nuevo Banco de Santa Fe S.A., id=3, observacion=observacion 3]]]
2021-08-05 05:17:06,498 INFO com.dan.cuentacorriente.aspect.LogAspect [http-nio-9003-exec-4] Se ha ejecutado el metodo: createPago
2021-08-05 05:21:26,291 INFO org.springframework.boot.StartupInfoLogger [restartedMain] Starting CuentacorrienteApplication using Java 15.0.1 on DESKTOP-KTL7JPA with PID 12036 (C:\Users\Usuario\Desktop\Sistemas\Electivas\Desarrollo de aplicaciones en la Nube\Laboratorio\Repositorios Integrados\dan-ms-cuentacorriente\target\classes started by Usuario in C:\Users\Usuario\Desktop\Sistemas\Electivas\Desarrollo de aplicaciones en la Nube\Laboratorio\Repositorios Integrados\dan-ms-cuentacorriente)
2021-08-05 05:21:26,295 INFO org.springframework.boot.SpringApplication [restartedMain] No active profile set, falling back to default profiles: default
2021-08-05 05:21:33,074 INFO org.springframework.boot.StartupInfoLogger [restartedMain] Started CuentacorrienteApplication in 7.374 seconds (JVM running for 8.695)
2021-08-05 05:30:45,347 INFO org.springframework.boot.StartupInfoLogger [restartedMain] Starting CuentacorrienteApplication using Java 15.0.1 on DESKTOP-KTL7JPA with PID 6272 (C:\Users\Usuario\Desktop\Sistemas\Electivas\Desarrollo de aplicaciones en la Nube\Laboratorio\Repositorios Integrados\dan-ms-cuentacorriente\target\classes started by Usuario in C:\Users\Usuario\Desktop\Sistemas\Electivas\Desarrollo de aplicaciones en la Nube\Laboratorio\Repositorios Integrados\dan-ms-cuentacorriente)
2021-08-05 05:30:45,352 INFO org.springframework.boot.SpringApplication [restartedMain] No active profile set, falling back to default profiles: default
2021-08-05 05:30:51,406 INFO org.springframework.boot.StartupInfoLogger [restartedMain] Started CuentacorrienteApplication in 6.62 seconds (JVM running for 7.77)
2021-08-05 05:35:26,103 INFO com.dan.cuentacorriente.aspect.LogAspect [http-nio-9003-exec-1] A continuacion se ejecutara el metodo: createMedioPago
2021-08-05 05:35:26,104 INFO com.dan.cuentacorriente.aspect.LogAspect [http-nio-9003-exec-1] Metodo de la clase: class com.dan.cuentacorriente.service.impl.MedioPagoServiceImpl
2021-08-05 05:35:26,104 INFO com.dan.cuentacorriente.aspect.LogAspect [http-nio-9003-exec-1] Argumentos: [Efectivo [nroRecibo=323, id=null, observacion=observacion 1]]
2021-08-05 05:35:26,542 INFO com.dan.cuentacorriente.aspect.LogAspect [http-nio-9003-exec-1] Se ha ejecutado el metodo: createMedioPago
2021-08-05 05:35:27,200 INFO com.dan.cuentacorriente.aspect.LogAspect [http-nio-9003-exec-1] A continuacion se ejecutara el metodo: createPago
2021-08-05 05:35:27,201 INFO com.dan.cuentacorriente.aspect.LogAspect [http-nio-9003-exec-1] Metodo de la clase: class com.dan.cuentacorriente.service.impl.PagoServiceImpl
2021-08-05 05:35:27,218 INFO com.dan.cuentacorriente.aspect.LogAspect [http-nio-9003-exec-1] Argumentos: [Pago [id=null, cliente=com.dan.cuentacorriente.domain.Cliente@6031023d, fechaPago=2021-08-05T08:35:26.543782100Z, medio=Efectivo [nroRecibo=323, id=1, observacion=observacion 1]]]
2021-08-05 05:35:27,400 INFO com.dan.cuentacorriente.aspect.LogAspect [http-nio-9003-exec-1] Se ha ejecutado el metodo: createPago
2021-08-05 05:35:30,301 INFO com.dan.cuentacorriente.aspect.LogAspect [http-nio-9003-exec-3] A continuacion se ejecutara el metodo: createMedioPago
2021-08-05 05:35:30,302 INFO com.dan.cuentacorriente.aspect.LogAspect [http-nio-9003-exec-3] Metodo de la clase: class com.dan.cuentacorriente.service.impl.MedioPagoServiceImpl
2021-08-05 05:35:30,302 INFO com.dan.cuentacorriente.aspect.LogAspect [http-nio-9003-exec-3] Argumentos: [Transferencia [cbuOrigen=566555532311, cbuDestino=985678886522, codigoTransferencia=12341, id=null, observacion=observacion 2]]
2021-08-05 05:35:30,320 INFO com.dan.cuentacorriente.aspect.LogAspect [http-nio-9003-exec-3] Se ha ejecutado el metodo: createMedioPago
2021-08-05 05:35:30,326 INFO com.dan.cuentacorriente.aspect.LogAspect [http-nio-9003-exec-3] A continuacion se ejecutara el metodo: createPago
2021-08-05 05:35:30,327 INFO com.dan.cuentacorriente.aspect.LogAspect [http-nio-9003-exec-3] Metodo de la clase: class com.dan.cuentacorriente.service.impl.PagoServiceImpl
2021-08-05 05:35:30,328 INFO com.dan.cuentacorriente.aspect.LogAspect [http-nio-9003-exec-3] Argumentos: [Pago [id=null, cliente=com.dan.cuentacorriente.domain.Cliente@3bc792b4, fechaPago=2021-08-05T08:35:30.321659Z, medio=Transferencia [cbuOrigen=566555532311, cbuDestino=985678886522, codigoTransferencia=12341, id=2, observacion=observacion 2]]]
2021-08-05 05:35:30,344 INFO com.dan.cuentacorriente.aspect.LogAspect [http-nio-9003-exec-3] Se ha ejecutado el metodo: createPago
2021-08-05 05:35:34,309 INFO com.dan.cuentacorriente.aspect.LogAspect [http-nio-9003-exec-4] A continuacion se ejecutara el metodo: createMedioPago
2021-08-05 05:35:34,310 INFO com.dan.cuentacorriente.aspect.LogAspect [http-nio-9003-exec-4] Metodo de la clase: class com.dan.cuentacorriente.service.impl.MedioPagoServiceImpl
2021-08-05 05:35:34,310 INFO com.dan.cuentacorriente.aspect.LogAspect [http-nio-9003-exec-4] Argumentos: [Cheque [nroCheque=123, fechaCobro=null, banco=Nuevo Banco de Santa Fe S.A., id=null, observacion=observacion 3]]
2021-08-05 05:35:34,321 INFO com.dan.cuentacorriente.aspect.LogAspect [http-nio-9003-exec-4] Se ha ejecutado el metodo: createMedioPago
2021-08-05 05:35:34,324 INFO com.dan.cuentacorriente.aspect.LogAspect [http-nio-9003-exec-4] A continuacion se ejecutara el metodo: createPago
2021-08-05 05:35:34,325 INFO com.dan.cuentacorriente.aspect.LogAspect [http-nio-9003-exec-4] Metodo de la clase: class com.dan.cuentacorriente.service.impl.PagoServiceImpl
2021-08-05 05:35:34,325 INFO com.dan.cuentacorriente.aspect.LogAspect [http-nio-9003-exec-4] Argumentos: [Pago [id=null, cliente=com.dan.cuentacorriente.domain.Cliente@11e67608, fechaPago=2021-08-05T08:35:34.322368300Z, medio=Cheque [nroCheque=123, fechaCobro=null, banco=Nuevo Banco de Santa Fe S.A., id=3, observacion=observacion 3]]]
2021-08-05 05:35:34,328 INFO com.dan.cuentacorriente.aspect.LogAspect [http-nio-9003-exec-4] Se ha ejecutado el metodo: createPago
2021-08-05 05:35:37,389 INFO com.dan.cuentacorriente.aspect.LogAspect [http-nio-9003-exec-5] A continuacion se ejecutara el metodo: createMedioPago
2021-08-05 05:35:37,390 INFO com.dan.cuentacorriente.aspect.LogAspect [http-nio-9003-exec-5] Metodo de la clase: class com.dan.cuentacorriente.service.impl.MedioPagoServiceImpl
2021-08-05 05:35:37,391 INFO com.dan.cuentacorriente.aspect.LogAspect [http-nio-9003-exec-5] Argumentos: [Cheque [nroCheque=10, fechaCobro=null, banco=Banco de la Nación Argentina, id=null, observacion=observacion 4]]
2021-08-05 05:35:37,403 INFO com.dan.cuentacorriente.aspect.LogAspect [http-nio-9003-exec-5] Se ha ejecutado el metodo: createMedioPago
2021-08-05 05:35:37,405 INFO com.dan.cuentacorriente.aspect.LogAspect [http-nio-9003-exec-5] A continuacion se ejecutara el metodo: createPago
2021-08-05 05:35:37,406 INFO com.dan.cuentacorriente.aspect.LogAspect [http-nio-9003-exec-5] Metodo de la clase: class com.dan.cuentacorriente.service.impl.PagoServiceImpl
2021-08-05 05:35:37,406 INFO com.dan.cuentacorriente.aspect.LogAspect [http-nio-9003-exec-5] Argumentos: [Pago [id=null, cliente=com.dan.cuentacorriente.domain.Cliente@2357b4c5, fechaPago=2021-08-05T08:35:37.404218500Z, medio=Cheque [nroCheque=10, fechaCobro=null, banco=Banco de la Nación Argentina, id=4, observacion=observacion 4]]]
2021-08-05 05:35:37,415 INFO com.dan.cuentacorriente.aspect.LogAspect [http-nio-9003-exec-5] Se ha ejecutado el metodo: createPago
2021-08-05 05:35:40,044 INFO com.dan.cuentacorriente.aspect.LogAspect [http-nio-9003-exec-6] A continuacion se ejecutara el metodo: createMedioPago
2021-08-05 05:35:40,045 INFO com.dan.cuentacorriente.aspect.LogAspect [http-nio-9003-exec-6] Metodo de la clase: class com.dan.cuentacorriente.service.impl.MedioPagoServiceImpl
2021-08-05 05:35:40,045 INFO com.dan.cuentacorriente.aspect.LogAspect [http-nio-9003-exec-6] Argumentos: [Transferencia [cbuOrigen=12435321523521, cbuDestino=5432414256211, codigoTransferencia=56233, id=null, observacion=observacion 5]]
2021-08-05 05:35:40,049 INFO com.dan.cuentacorriente.aspect.LogAspect [http-nio-9003-exec-6] Se ha ejecutado el metodo: createMedioPago
2021-08-05 05:35:40,051 INFO com.dan.cuentacorriente.aspect.LogAspect [http-nio-9003-exec-6] A continuacion se ejecutara el metodo: createPago
2021-08-05 05:35:40,052 INFO com.dan.cuentacorriente.aspect.LogAspect [http-nio-9003-exec-6] Metodo de la clase: class com.dan.cuentacorriente.service.impl.PagoServiceImpl
2021-08-05 05:35:40,052 INFO com.dan.cuentacorriente.aspect.LogAspect [http-nio-9003-exec-6] Argumentos: [Pago [id=null, cliente=com.dan.cuentacorriente.domain.Cliente@a3a9621, fechaPago=2021-08-05T08:35:40.049535900Z, medio=Transferencia [cbuOrigen=12435321523521, cbuDestino=5432414256211, codigoTransferencia=56233, id=5, observacion=observacion 5]]]
2021-08-05 05:35:40,064 INFO com.dan.cuentacorriente.aspect.LogAspect [http-nio-9003-exec-6] Se ha ejecutado el metodo: createPago
2021-08-05 05:35:42,665 INFO com.dan.cuentacorriente.aspect.LogAspect [http-nio-9003-exec-7] A continuacion se ejecutara el metodo: createMedioPago
2021-08-05 05:35:42,666 INFO com.dan.cuentacorriente.aspect.LogAspect [http-nio-9003-exec-7] Metodo de la clase: class com.dan.cuentacorriente.service.impl.MedioPagoServiceImpl
2021-08-05 05:35:42,667 INFO com.dan.cuentacorriente.aspect.LogAspect [http-nio-9003-exec-7] Argumentos: [Efectivo [nroRecibo=563, id=null, observacion=observacion 6]]
2021-08-05 05:35:42,671 INFO com.dan.cuentacorriente.aspect.LogAspect [http-nio-9003-exec-7] Se ha ejecutado el metodo: createMedioPago
2021-08-05 05:35:42,675 INFO com.dan.cuentacorriente.aspect.LogAspect [http-nio-9003-exec-7] A continuacion se ejecutara el metodo: createPago
2021-08-05 05:35:42,675 INFO com.dan.cuentacorriente.aspect.LogAspect [http-nio-9003-exec-7] Metodo de la clase: class com.dan.cuentacorriente.service.impl.PagoServiceImpl
2021-08-05 05:35:42,677 INFO com.dan.cuentacorriente.aspect.LogAspect [http-nio-9003-exec-7] Argumentos: [Pago [id=null, cliente=com.dan.cuentacorriente.domain.Cliente@6a26ad1f, fechaPago=2021-08-05T08:35:42.671762900Z, medio=Efectivo [nroRecibo=563, id=6, observacion=observacion 6]]]
2021-08-05 05:35:42,707 INFO com.dan.cuentacorriente.aspect.LogAspect [http-nio-9003-exec-7] Se ha ejecutado el metodo: createPago
2021-08-05 05:35:45,943 INFO com.dan.cuentacorriente.aspect.LogAspect [http-nio-9003-exec-8] A continuacion se ejecutara el metodo: createMedioPago
2021-08-05 05:35:45,944 INFO com.dan.cuentacorriente.aspect.LogAspect [http-nio-9003-exec-8] Metodo de la clase: class com.dan.cuentacorriente.service.impl.MedioPagoServiceImpl
2021-08-05 05:35:45,944 INFO com.dan.cuentacorriente.aspect.LogAspect [http-nio-9003-exec-8] Argumentos: [Transferencia [cbuOrigen=865756745333, cbuDestino=68883411243324, codigoTransferencia=900032, id=null, observacion=observacion 7]]
2021-08-05 05:35:45,955 INFO com.dan.cuentacorriente.aspect.LogAspect [http-nio-9003-exec-8] Se ha ejecutado el metodo: createMedioPago
2021-08-05 05:35:45,958 INFO com.dan.cuentacorriente.aspect.LogAspect [http-nio-9003-exec-8] A continuacion se ejecutara el metodo: createPago
2021-08-05 05:35:45,958 INFO com.dan.cuentacorriente.aspect.LogAspect [http-nio-9003-exec-8] Metodo de la clase: class com.dan.cuentacorriente.service.impl.PagoServiceImpl
2021-08-05 05:35:45,960 INFO com.dan.cuentacorriente.aspect.LogAspect [http-nio-9003-exec-8] Argumentos: [Pago [id=null, cliente=com.dan.cuentacorriente.domain.Cliente@3f3ce0d8, fechaPago=2021-08-05T08:35:45.955993Z, medio=Transferencia [cbuOrigen=865756745333, cbuDestino=68883411243324, codigoTransferencia=900032, id=7, observacion=observacion 7]]]
2021-08-05 05:35:45,989 INFO com.dan.cuentacorriente.aspect.LogAspect [http-nio-9003-exec-8] Se ha ejecutado el metodo: createPago
