2021-08-19 11:22:47,304 INFO com.dan.cuentacorriente.aspect.LogAspect [http-nio-9003-exec-1] A continuacion se ejecutara el metodo: getAllPagos
2021-08-19 11:22:47,309 INFO com.dan.cuentacorriente.aspect.LogAspect [http-nio-9003-exec-1] Metodo de la clase: class com.dan.cuentacorriente.service.impl.PagoServiceImpl
2021-08-19 11:22:47,309 INFO com.dan.cuentacorriente.aspect.LogAspect [http-nio-9003-exec-1] Argumentos: []
2021-08-19 11:22:47,314 INFO com.dan.cuentacorriente.aspect.LogAspect [http-nio-9003-exec-1] Se ha ejecutado el metodo: getAllPagos
2021-08-19 11:23:55,266 INFO com.dan.cuentacorriente.aspect.LogAspect [http-nio-9003-exec-5] A continuacion se ejecutara el metodo: getAllPagos
2021-08-19 11:23:55,270 INFO com.dan.cuentacorriente.aspect.LogAspect [http-nio-9003-exec-5] Metodo de la clase: class com.dan.cuentacorriente.service.impl.PagoServiceImpl
2021-08-19 11:23:55,271 INFO com.dan.cuentacorriente.aspect.LogAspect [http-nio-9003-exec-5] Argumentos: []
2021-08-19 11:23:55,288 INFO com.dan.cuentacorriente.aspect.LogAspect [http-nio-9003-exec-5] Se ha ejecutado el metodo: getAllPagos
2021-08-19 11:24:01,708 INFO com.dan.cuentacorriente.aspect.LogAspect [http-nio-9003-exec-6] A continuacion se ejecutara el metodo: createMedioPago
2021-08-19 11:24:01,709 INFO com.dan.cuentacorriente.aspect.LogAspect [http-nio-9003-exec-6] Metodo de la clase: class com.dan.cuentacorriente.service.impl.MedioPagoServiceImpl
2021-08-19 11:24:01,709 INFO com.dan.cuentacorriente.aspect.LogAspect [http-nio-9003-exec-6] Argumentos: [Transferencia [cbuOrigen=312321, cbuDestino=321321, codigoTransferencia=312321, id=null, observacion=123132]]
2021-08-19 11:24:01,723 INFO com.dan.cuentacorriente.aspect.LogAspect [http-nio-9003-exec-6] Se ha ejecutado el metodo: createMedioPago
2021-08-19 11:24:01,724 INFO com.dan.cuentacorriente.aspect.LogAspect [http-nio-9003-exec-6] A continuacion se ejecutara el metodo: createPago
2021-08-19 11:24:01,725 INFO com.dan.cuentacorriente.aspect.LogAspect [http-nio-9003-exec-6] Metodo de la clase: class com.dan.cuentacorriente.service.impl.PagoServiceImpl
2021-08-19 11:24:01,725 INFO com.dan.cuentacorriente.aspect.LogAspect [http-nio-9003-exec-6] Argumentos: [Pago [id=null, cliente=com.dan.cuentacorriente.domain.Cliente@3eaeb8a9, fechaPago=2021-08-19T14:24:01.723277Z, medio=Transferencia [cbuOrigen=312321, cbuDestino=321321, codigoTransferencia=312321, id=30, observacion=123132]]]
2021-08-19 11:24:01,749 INFO com.dan.cuentacorriente.aspect.LogAspect [http-nio-9003-exec-6] Se ha ejecutado el metodo: createPago
2021-08-19 11:24:02,143 INFO com.dan.cuentacorriente.aspect.LogAspect [http-nio-9003-exec-7] A continuacion se ejecutara el metodo: getAllPagos
2021-08-19 11:24:02,144 INFO com.dan.cuentacorriente.aspect.LogAspect [http-nio-9003-exec-7] Metodo de la clase: class com.dan.cuentacorriente.service.impl.PagoServiceImpl
2021-08-19 11:24:02,145 INFO com.dan.cuentacorriente.aspect.LogAspect [http-nio-9003-exec-7] Argumentos: []
2021-08-19 11:24:02,151 INFO com.dan.cuentacorriente.aspect.LogAspect [http-nio-9003-exec-7] Se ha ejecutado el metodo: getAllPagos
2021-08-19 11:25:52,191 INFO com.dan.cuentacorriente.aspect.LogAspect [http-nio-9003-exec-10] A continuacion se ejecutara el metodo: getAllPagos
2021-08-19 11:25:52,191 INFO com.dan.cuentacorriente.aspect.LogAspect [http-nio-9003-exec-10] Metodo de la clase: class com.dan.cuentacorriente.service.impl.PagoServiceImpl
2021-08-19 11:25:52,192 INFO com.dan.cuentacorriente.aspect.LogAspect [http-nio-9003-exec-10] Argumentos: []
2021-08-19 11:25:52,198 INFO com.dan.cuentacorriente.aspect.LogAspect [http-nio-9003-exec-10] Se ha ejecutado el metodo: getAllPagos
2021-08-19 11:26:07,716 INFO com.dan.cuentacorriente.aspect.LogAspect [http-nio-9003-exec-2] A continuacion se ejecutara el metodo: createMedioPago
2021-08-19 11:26:07,716 INFO com.dan.cuentacorriente.aspect.LogAspect [http-nio-9003-exec-2] Metodo de la clase: class com.dan.cuentacorriente.service.impl.MedioPagoServiceImpl
2021-08-19 11:26:07,716 INFO com.dan.cuentacorriente.aspect.LogAspect [http-nio-9003-exec-2] Argumentos: [Efectivo [nroRecibo=132321, id=null, observacion=]]
2021-08-19 11:26:07,719 INFO com.dan.cuentacorriente.aspect.LogAspect [http-nio-9003-exec-2] Se ha ejecutado el metodo: createMedioPago
2021-08-19 11:26:07,719 INFO com.dan.cuentacorriente.aspect.LogAspect [http-nio-9003-exec-2] A continuacion se ejecutara el metodo: createPago
2021-08-19 11:26:07,720 INFO com.dan.cuentacorriente.aspect.LogAspect [http-nio-9003-exec-2] Metodo de la clase: class com.dan.cuentacorriente.service.impl.PagoServiceImpl
2021-08-19 11:26:07,720 INFO com.dan.cuentacorriente.aspect.LogAspect [http-nio-9003-exec-2] Argumentos: [Pago [id=null, cliente=com.dan.cuentacorriente.domain.Cliente@687521a0, fechaPago=2021-08-19T14:26:07.719645700Z, medio=Efectivo [nroRecibo=132321, id=31, observacion=]]]
2021-08-19 11:26:07,721 INFO com.dan.cuentacorriente.aspect.LogAspect [http-nio-9003-exec-2] Se ha ejecutado el metodo: createPago
2021-08-19 11:26:07,739 INFO com.dan.cuentacorriente.aspect.LogAspect [http-nio-9003-exec-3] A continuacion se ejecutara el metodo: getAllPagos
2021-08-19 11:26:07,739 INFO com.dan.cuentacorriente.aspect.LogAspect [http-nio-9003-exec-3] Metodo de la clase: class com.dan.cuentacorriente.service.impl.PagoServiceImpl
2021-08-19 11:26:07,739 INFO com.dan.cuentacorriente.aspect.LogAspect [http-nio-9003-exec-3] Argumentos: []
2021-08-19 11:26:07,745 INFO com.dan.cuentacorriente.aspect.LogAspect [http-nio-9003-exec-3] Se ha ejecutado el metodo: getAllPagos
2021-08-19 11:26:40,856 INFO com.dan.cuentacorriente.aspect.LogAspect [http-nio-9003-exec-8] A continuacion se ejecutara el metodo: getAllPagos
2021-08-19 11:26:40,858 INFO com.dan.cuentacorriente.aspect.LogAspect [http-nio-9003-exec-8] Metodo de la clase: class com.dan.cuentacorriente.service.impl.PagoServiceImpl
2021-08-19 11:26:40,858 INFO com.dan.cuentacorriente.aspect.LogAspect [http-nio-9003-exec-8] Argumentos: []
2021-08-19 11:26:40,866 INFO com.dan.cuentacorriente.aspect.LogAspect [http-nio-9003-exec-8] Se ha ejecutado el metodo: getAllPagos
2021-08-19 11:26:47,078 INFO com.dan.cuentacorriente.aspect.LogAspect [http-nio-9003-exec-1] A continuacion se ejecutara el metodo: getAllPagos
2021-08-19 11:26:47,079 INFO com.dan.cuentacorriente.aspect.LogAspect [http-nio-9003-exec-1] Metodo de la clase: class com.dan.cuentacorriente.service.impl.PagoServiceImpl
2021-08-19 11:26:47,079 INFO com.dan.cuentacorriente.aspect.LogAspect [http-nio-9003-exec-1] Argumentos: []
2021-08-19 11:26:47,085 INFO com.dan.cuentacorriente.aspect.LogAspect [http-nio-9003-exec-1] Se ha ejecutado el metodo: getAllPagos
2021-08-19 11:27:07,274 INFO com.dan.cuentacorriente.aspect.LogAspect [http-nio-9003-exec-4] A continuacion se ejecutara el metodo: createMedioPago
2021-08-19 11:27:07,275 INFO com.dan.cuentacorriente.aspect.LogAspect [http-nio-9003-exec-4] Metodo de la clase: class com.dan.cuentacorriente.service.impl.MedioPagoServiceImpl
2021-08-19 11:27:07,275 INFO com.dan.cuentacorriente.aspect.LogAspect [http-nio-9003-exec-4] Argumentos: [Cheque [nroCheque=312312, fechaCobro=null, banco=312123321, id=null, observacion=asd]]
2021-08-19 11:27:07,277 INFO com.dan.cuentacorriente.aspect.LogAspect [http-nio-9003-exec-4] Se ha ejecutado el metodo: createMedioPago
2021-08-19 11:27:07,278 INFO com.dan.cuentacorriente.aspect.LogAspect [http-nio-9003-exec-4] A continuacion se ejecutara el metodo: createPago
2021-08-19 11:27:07,278 INFO com.dan.cuentacorriente.aspect.LogAspect [http-nio-9003-exec-4] Metodo de la clase: class com.dan.cuentacorriente.service.impl.PagoServiceImpl
2021-08-19 11:27:07,278 INFO com.dan.cuentacorriente.aspect.LogAspect [http-nio-9003-exec-4] Argumentos: [Pago [id=null, cliente=com.dan.cuentacorriente.domain.Cliente@474dcc1d, fechaPago=2021-08-19T14:27:07.277577500Z, medio=Cheque [nroCheque=312312, fechaCobro=null, banco=312123321, id=32, observacion=asd]]]
2021-08-19 11:27:07,280 INFO com.dan.cuentacorriente.aspect.LogAspect [http-nio-9003-exec-4] Se ha ejecutado el metodo: createPago
2021-08-19 11:27:07,296 INFO com.dan.cuentacorriente.aspect.LogAspect [http-nio-9003-exec-5] A continuacion se ejecutara el metodo: getAllPagos
2021-08-19 11:27:07,296 INFO com.dan.cuentacorriente.aspect.LogAspect [http-nio-9003-exec-5] Metodo de la clase: class com.dan.cuentacorriente.service.impl.PagoServiceImpl
2021-08-19 11:27:07,297 INFO com.dan.cuentacorriente.aspect.LogAspect [http-nio-9003-exec-5] Argumentos: []
2021-08-19 11:27:07,301 INFO com.dan.cuentacorriente.aspect.LogAspect [http-nio-9003-exec-5] Se ha ejecutado el metodo: getAllPagos
2021-08-19 11:27:07,981 INFO com.dan.cuentacorriente.aspect.LogAspect [http-nio-9003-exec-6] A continuacion se ejecutara el metodo: getAllPagos
2021-08-19 11:27:07,982 INFO com.dan.cuentacorriente.aspect.LogAspect [http-nio-9003-exec-6] Metodo de la clase: class com.dan.cuentacorriente.service.impl.PagoServiceImpl
2021-08-19 11:27:07,982 INFO com.dan.cuentacorriente.aspect.LogAspect [http-nio-9003-exec-6] Argumentos: []
2021-08-19 11:27:07,989 INFO com.dan.cuentacorriente.aspect.LogAspect [http-nio-9003-exec-6] Se ha ejecutado el metodo: getAllPagos
2021-08-19 11:27:12,141 INFO com.dan.cuentacorriente.aspect.LogAspect [http-nio-9003-exec-9] A continuacion se ejecutara el metodo: deletePagoPorId
2021-08-19 11:27:12,142 INFO com.dan.cuentacorriente.aspect.LogAspect [http-nio-9003-exec-9] Metodo de la clase: class com.dan.cuentacorriente.service.impl.PagoServiceImpl
2021-08-19 11:27:12,142 INFO com.dan.cuentacorriente.aspect.LogAspect [http-nio-9003-exec-9] Argumentos: [31]
2021-08-19 11:27:12,144 INFO com.dan.cuentacorriente.aspect.LogAspect [http-nio-9003-exec-9] Se ha ejecutado el metodo: deletePagoPorId
2021-08-19 11:27:12,155 INFO com.dan.cuentacorriente.aspect.LogAspect [http-nio-9003-exec-10] A continuacion se ejecutara el metodo: getAllPagos
2021-08-19 11:27:12,155 INFO com.dan.cuentacorriente.aspect.LogAspect [http-nio-9003-exec-10] Metodo de la clase: class com.dan.cuentacorriente.service.impl.PagoServiceImpl
2021-08-19 11:27:12,155 INFO com.dan.cuentacorriente.aspect.LogAspect [http-nio-9003-exec-10] Argumentos: []
2021-08-19 11:27:12,159 INFO com.dan.cuentacorriente.aspect.LogAspect [http-nio-9003-exec-10] Se ha ejecutado el metodo: getAllPagos
2021-08-19 11:30:04,428 INFO com.dan.cuentacorriente.aspect.LogAspect [http-nio-9003-exec-3] A continuacion se ejecutara el metodo: getAllPagos
2021-08-19 11:30:04,429 INFO com.dan.cuentacorriente.aspect.LogAspect [http-nio-9003-exec-3] Metodo de la clase: class com.dan.cuentacorriente.service.impl.PagoServiceImpl
2021-08-19 11:30:04,429 INFO com.dan.cuentacorriente.aspect.LogAspect [http-nio-9003-exec-3] Argumentos: []
2021-08-19 11:30:04,437 INFO com.dan.cuentacorriente.aspect.LogAspect [http-nio-9003-exec-3] Se ha ejecutado el metodo: getAllPagos
2021-08-19 11:30:42,440 INFO com.dan.cuentacorriente.aspect.LogAspect [http-nio-9003-exec-8] A continuacion se ejecutara el metodo: getAllPagos
2021-08-19 11:30:42,440 INFO com.dan.cuentacorriente.aspect.LogAspect [http-nio-9003-exec-8] Metodo de la clase: class com.dan.cuentacorriente.service.impl.PagoServiceImpl
2021-08-19 11:30:42,440 INFO com.dan.cuentacorriente.aspect.LogAspect [http-nio-9003-exec-8] Argumentos: []
2021-08-19 11:30:42,446 INFO com.dan.cuentacorriente.aspect.LogAspect [http-nio-9003-exec-8] Se ha ejecutado el metodo: getAllPagos
2021-08-19 11:41:28,761 INFO org.springframework.boot.StartupInfoLogger [restartedMain] Starting CuentacorrienteApplication using Java 15.0.1 on DESKTOP-KTL7JPA with PID 15256 (C:\Users\Usuario\Desktop\Sistemas\Electivas\Desarrollo de aplicaciones en la Nube\Laboratorio\Repositorios Integrados\dan-ms-cuentacorriente\target\classes started by Usuario in C:\Users\Usuario\Desktop\Sistemas\Electivas\Desarrollo de aplicaciones en la Nube\Laboratorio\Repositorios Integrados\dan-ms-cuentacorriente)
2021-08-19 11:41:28,762 INFO org.springframework.boot.SpringApplication [restartedMain] No active profile set, falling back to default profiles: default
